{"name":"addTwoGoodsFromMostViewedGoodsToCart","status":"failed","statusDetails":{"known":false,"muted":false,"flaky":false,"message":"Element not found {By.xpath: //div[contains(@class, 'product-mini-card__name')and contains(.,'Смартфон Xiaomgi Redmi Note 11 NFC 4GB+128GB Twilight Blue')]}\r\nExpected: exist\r\nScreenshot: file:/C:/Users/0/Desktop/Работа/QA%20java/QA_Liga/Final%20project/build/reports/tests/1648721372369.0.png\r\nPage source: file:/C:/Users/0/Desktop/Работа/QA%20java/QA_Liga/Final%20project/build/reports/tests/1648721372369.0.html\r\nTimeout: 4 s.\r\nCaused by: NoSuchElementException: no such element: Unable to locate element: {\"method\":\"xpath\",\"selector\":\"//div[contains(@class, 'product-mini-card__name')and contains(.,'Смартфон Xiaomgi Redmi Note 11 NFC 4GB+128GB Twilight Blue')]\"}","trace":"Element not found {By.xpath: //div[contains(@class, 'product-mini-card__name')and contains(.,'Смартфон Xiaomgi Redmi Note 11 NFC 4GB+128GB Twilight Blue')]}\r\nExpected: exist\r\nScreenshot: file:/C:/Users/0/Desktop/Работа/QA%20java/QA_Liga/Final%20project/build/reports/tests/1648721372369.0.png\r\nPage source: file:/C:/Users/0/Desktop/Работа/QA%20java/QA_Liga/Final%20project/build/reports/tests/1648721372369.0.html\r\nTimeout: 4 s.\r\nCaused by: NoSuchElementException: no such element: Unable to locate element: {\"method\":\"xpath\",\"selector\":\"//div[contains(@class, 'product-mini-card__name')and contains(.,'Смартфон Xiaomgi Redmi Note 11 NFC 4GB+128GB Twilight Blue')]\"}\r\n\tat com.codeborne.selenide.impl.WebElementSource.createElementNotFoundError(WebElementSource.java:89)\r\n\tat com.codeborne.selenide.impl.ElementFinder.createElementNotFoundError(ElementFinder.java:122)\r\n\tat com.codeborne.selenide.impl.WebElementSource.checkCondition(WebElementSource.java:125)\r\n\tat com.codeborne.selenide.impl.ElementFinder.createElementNotFoundError(ElementFinder.java:119)\r\n\tat com.codeborne.selenide.impl.ExceptionWrapper.wrap(ExceptionWrapper.java:32)\r\n\tat com.codeborne.selenide.impl.SelenideElementProxy.dispatchAndRetry(SelenideElementProxy.java:153)\r\n\tat com.codeborne.selenide.impl.SelenideElementProxy.invoke(SelenideElementProxy.java:83)\r\n\tat com.sun.proxy.$Proxy15.getAttribute(Unknown Source)\r\n\tat Pages.MostViewedGoodsPage.addGoodToCartIsInactive(MostViewedGoodsPage.java:98)\r\n\tat Steps.StepsMostViewedGoods.addGoodToCart(StepsMostViewedGoods.java:22)\r\n\tat Tests.Tests.addTwoGoodsFromMostViewedGoodsToCart(Tests.java:68)\r\n\tat java.base/jdk.internal.reflect.NativeMethodAccessorImpl.invoke0(Native Method)\r\n\tat java.base/jdk.internal.reflect.NativeMethodAccessorImpl.invoke(NativeMethodAccessorImpl.java:64)\r\n\tat java.base/jdk.internal.reflect.DelegatingMethodAccessorImpl.invoke(DelegatingMethodAccessorImpl.java:43)\r\n\tat java.base/java.lang.reflect.Method.invoke(Method.java:564)\r\n\tat org.testng.internal.MethodInvocationHelper.invokeMethod(MethodInvocationHelper.java:124)\r\n\tat org.testng.internal.Invoker.invokeMethod(Invoker.java:583)\r\n\tat org.testng.internal.Invoker.invokeTestMethod(Invoker.java:719)\r\n\tat org.testng.internal.Invoker.invokeTestMethods(Invoker.java:989)\r\n\tat org.testng.internal.TestMethodWorker.invokeTestMethods(TestMethodWorker.java:125)\r\n\tat org.testng.internal.TestMethodWorker.run(TestMethodWorker.java:109)\r\n\tat org.testng.TestRunner.privateRun(TestRunner.java:648)\r\n\tat org.testng.TestRunner.run(TestRunner.java:505)\r\n\tat org.testng.SuiteRunner.runTest(SuiteRunner.java:455)\r\n\tat org.testng.SuiteRunner.runSequentially(SuiteRunner.java:450)\r\n\tat org.testng.SuiteRunner.privateRun(SuiteRunner.java:415)\r\n\tat org.testng.SuiteRunner.run(SuiteRunner.java:364)\r\n\tat org.testng.SuiteRunnerWorker.runSuite(SuiteRunnerWorker.java:52)\r\n\tat org.testng.SuiteRunnerWorker.run(SuiteRunnerWorker.java:84)\r\n\tat org.testng.TestNG.runSuitesSequentially(TestNG.java:1208)\r\n\tat org.testng.TestNG.runSuitesLocally(TestNG.java:1137)\r\n\tat org.testng.TestNG.runSuites(TestNG.java:1049)\r\n\tat org.testng.TestNG.run(TestNG.java:1017)\r\n\tat com.intellij.rt.testng.IDEARemoteTestNG.run(IDEARemoteTestNG.java:66)\r\n\tat com.intellij.rt.testng.RemoteTestNGStarter.main(RemoteTestNGStarter.java:109)\r\nCaused by: org.openqa.selenium.NoSuchElementException: no such element: Unable to locate element: {\"method\":\"xpath\",\"selector\":\"//div[contains(@class, 'product-mini-card__name')and contains(.,'Смартфон Xiaomgi Redmi Note 11 NFC 4GB+128GB Twilight Blue')]\"}\n  (Session info: chrome=99.0.4844.84)\nFor documentation on this error, please visit: https://selenium.dev/exceptions/#no_such_element\nBuild info: version: '4.1.2', revision: '9a5a329c5a'\nSystem info: host: 'MSI', ip: '26.8.65.167', os.name: 'Windows 10', os.arch: 'amd64', os.version: '10.0', java.version: '15.0.2'\nDriver info: org.openqa.selenium.chrome.ChromeDriver\nCommand: [c2ae9c3830c04a133013499acb3447f4, findElement {using=xpath, value=//div[contains(@class, 'product-mini-card__name')and contains(.,'Смартфон Xiaomgi Redmi Note 11 NFC 4GB+128GB Twilight Blue')]}]\nCapabilities {acceptInsecureCerts: true, browserName: chrome, browserVersion: 99.0.4844.84, chrome: {chromedriverVersion: 99.0.4844.51 (d537ec02474b5..., userDataDir: C:\\Windows\\Temp\\scoped_dir2...}, goog:chromeOptions: {debuggerAddress: localhost:49392}, javascriptEnabled: true, networkConnectionEnabled: false, pageLoadStrategy: normal, platform: WINDOWS, platformName: WINDOWS, proxy: Proxy(), se:cdp: ws://localhost:49392/devtoo..., se:cdpVersion: 99.0.4844.84, setWindowRect: true, strictFileInteractability: false, timeouts: {implicit: 0, pageLoad: 300000, script: 30000}, unhandledPromptBehavior: dismiss and notify, webauthn:extension:credBlob: true, webauthn:extension:largeBlob: true, webauthn:virtualAuthenticators: true}\nSession ID: c2ae9c3830c04a133013499acb3447f4\r\n\tat jdk.internal.reflect.GeneratedConstructorAccessor17.newInstance(Unknown Source)\r\n\tat java.base/jdk.internal.reflect.DelegatingConstructorAccessorImpl.newInstance(DelegatingConstructorAccessorImpl.java:45)\r\n\tat java.base/java.lang.reflect.Constructor.newInstanceWithCaller(Constructor.java:500)\r\n\tat java.base/java.lang.reflect.Constructor.newInstance(Constructor.java:481)\r\n\tat org.openqa.selenium.remote.codec.w3c.W3CHttpResponseCodec.createException(W3CHttpResponseCodec.java:200)\r\n\tat org.openqa.selenium.remote.codec.w3c.W3CHttpResponseCodec.decode(W3CHttpResponseCodec.java:133)\r\n\tat org.openqa.selenium.remote.codec.w3c.W3CHttpResponseCodec.decode(W3CHttpResponseCodec.java:53)\r\n\tat org.openqa.selenium.remote.HttpCommandExecutor.execute(HttpCommandExecutor.java:184)\r\n\tat org.openqa.selenium.remote.service.DriverCommandExecutor.invokeExecute(DriverCommandExecutor.java:167)\r\n\tat org.openqa.selenium.remote.service.DriverCommandExecutor.execute(DriverCommandExecutor.java:142)\r\n\tat org.openqa.selenium.remote.RemoteWebDriver.execute(RemoteWebDriver.java:558)\r\n\tat org.openqa.selenium.remote.ElementLocation$ElementFinder$2.findElement(ElementLocation.java:162)\r\n\tat org.openqa.selenium.remote.ElementLocation.findElement(ElementLocation.java:60)\r\n\tat org.openqa.selenium.remote.RemoteWebDriver.findElement(RemoteWebDriver.java:382)\r\n\tat org.openqa.selenium.remote.RemoteWebDriver.findElement(RemoteWebDriver.java:374)\r\n\tat com.codeborne.selenide.impl.WebElementSelector.findElement(WebElementSelector.java:70)\r\n\tat com.codeborne.selenide.impl.WebElementSelector.findElement(WebElementSelector.java:44)\r\n\tat com.codeborne.selenide.impl.WebElementSelector.findElement(WebElementSelector.java:33)\r\n\tat com.codeborne.selenide.impl.ElementFinder.getWebElement(ElementFinder.java:102)\r\n\tat com.codeborne.selenide.impl.WebElementSource.checkCondition(WebElementSource.java:106)\r\n\t... 32 more\r\n"},"stage":"finished","steps":[],"attachments":[],"parameters":[],"start":1648721366180,"stop":1648721372827,"uuid":"1a954f29-7c4f-47d5-98c5-a63c3af3695d","historyId":"ff04320101fbfd804d74298ab5b1c450","fullName":"Tests.Tests.addTwoGoodsFromMostViewedGoodsToCart","labels":[{"name":"package","value":"Tests.Tests"},{"name":"testClass","value":"Tests.Tests"},{"name":"testMethod","value":"addTwoGoodsFromMostViewedGoodsToCart"},{"name":"parentSuite","value":"Default Suite"},{"name":"suite","value":"Final project"},{"name":"subSuite","value":"Tests.Tests"},{"name":"host","value":"MSI"},{"name":"thread","value":"17464@MSI.main(1)"},{"name":"framework","value":"testng"},{"name":"language","value":"java"}],"links":[]}