{"name":"addTwoGoodsFromMostViewedGoodsToCart","status":"failed","statusDetails":{"known":false,"muted":false,"flaky":false,"message":"WebDriverException: target frame detached\r\nScreenshot: file:/C:/Users/0/Desktop/Работа/QA%20java/QA_Liga/Final%20project/build/reports/tests/1648851776180.0.png\r\nPage source: file:/C:/Users/0/Desktop/Работа/QA%20java/QA_Liga/Final%20project/build/reports/tests/1648851776180.0.html\r\nTimeout: 4 s.\r\nCaused by: WebDriverException: target frame detached","trace":"WebDriverException: target frame detached\r\nScreenshot: file:/C:/Users/0/Desktop/Работа/QA%20java/QA_Liga/Final%20project/build/reports/tests/1648851776180.0.png\r\nPage source: file:/C:/Users/0/Desktop/Работа/QA%20java/QA_Liga/Final%20project/build/reports/tests/1648851776180.0.html\r\nTimeout: 4 s.\r\nCaused by: WebDriverException: target frame detached\r\n\tat com.codeborne.selenide.ex.UIAssertionError.wrapToUIAssertionError(UIAssertionError.java:103)\r\n\tat com.codeborne.selenide.ex.UIAssertionError.wrapThrowable(UIAssertionError.java:86)\r\n\tat com.codeborne.selenide.ex.UIAssertionError.wrap(UIAssertionError.java:80)\r\n\tat com.codeborne.selenide.impl.SelenideElementProxy.invoke(SelenideElementProxy.java:93)\r\n\tat com.sun.proxy.$Proxy15.click(Unknown Source)\r\n\tat Pages.HeaderPage.clickOnCartButton(HeaderPage.java:259)\r\n\tat Steps.StepsHeaderPage.clickOnCartButton(StepsHeaderPage.java:92)\r\n\tat Tests.Tests.addTwoGoodsFromMostViewedGoodsToCart(Tests.java:82)\r\n\tat java.base/jdk.internal.reflect.NativeMethodAccessorImpl.invoke0(Native Method)\r\n\tat java.base/jdk.internal.reflect.NativeMethodAccessorImpl.invoke(NativeMethodAccessorImpl.java:64)\r\n\tat java.base/jdk.internal.reflect.DelegatingMethodAccessorImpl.invoke(DelegatingMethodAccessorImpl.java:43)\r\n\tat java.base/java.lang.reflect.Method.invoke(Method.java:564)\r\n\tat org.testng.internal.MethodInvocationHelper.invokeMethod(MethodInvocationHelper.java:124)\r\n\tat org.testng.internal.Invoker.invokeMethod(Invoker.java:583)\r\n\tat org.testng.internal.Invoker.invokeTestMethod(Invoker.java:719)\r\n\tat org.testng.internal.Invoker.invokeTestMethods(Invoker.java:989)\r\n\tat org.testng.internal.TestMethodWorker.invokeTestMethods(TestMethodWorker.java:125)\r\n\tat org.testng.internal.TestMethodWorker.run(TestMethodWorker.java:109)\r\n\tat org.testng.TestRunner.privateRun(TestRunner.java:648)\r\n\tat org.testng.TestRunner.run(TestRunner.java:505)\r\n\tat org.testng.SuiteRunner.runTest(SuiteRunner.java:455)\r\n\tat org.testng.SuiteRunner.runSequentially(SuiteRunner.java:450)\r\n\tat org.testng.SuiteRunner.privateRun(SuiteRunner.java:415)\r\n\tat org.testng.SuiteRunner.run(SuiteRunner.java:364)\r\n\tat org.testng.SuiteRunnerWorker.runSuite(SuiteRunnerWorker.java:52)\r\n\tat org.testng.SuiteRunnerWorker.run(SuiteRunnerWorker.java:84)\r\n\tat org.testng.TestNG.runSuitesSequentially(TestNG.java:1208)\r\n\tat org.testng.TestNG.runSuitesLocally(TestNG.java:1137)\r\n\tat org.testng.TestNG.runSuites(TestNG.java:1049)\r\n\tat org.testng.TestNG.run(TestNG.java:1017)\r\n\tat com.intellij.rt.testng.IDEARemoteTestNG.run(IDEARemoteTestNG.java:66)\r\n\tat com.intellij.rt.testng.RemoteTestNGStarter.main(RemoteTestNGStarter.java:109)\r\nCaused by: org.openqa.selenium.WebDriverException: target frame detached\n  (Session info: chrome=100.0.4896.60)\nBuild info: version: '4.1.2', revision: '9a5a329c5a'\nSystem info: host: 'MSI', ip: '26.8.65.167', os.name: 'Windows 10', os.arch: 'amd64', os.version: '10.0', java.version: '15.0.2'\nDriver info: org.openqa.selenium.chrome.ChromeDriver\nCommand: [3ba7604f49ff2e05870cc2f3dd4f130e, clickElement {id=ea1cd4f6-7c67-4881-a4e3-a52565d9aa81}]\nCapabilities {acceptInsecureCerts: true, browserName: chrome, browserVersion: 100.0.4896.60, chrome: {chromedriverVersion: 100.0.4896.60 (6a5d10861ce8..., userDataDir: C:\\Windows\\Temp\\scoped_dir1...}, goog:chromeOptions: {debuggerAddress: localhost:59196}, javascriptEnabled: true, networkConnectionEnabled: false, pageLoadStrategy: normal, platform: WINDOWS, platformName: WINDOWS, proxy: Proxy(), se:cdp: ws://localhost:59196/devtoo..., se:cdpVersion: 100.0.4896.60, setWindowRect: true, strictFileInteractability: false, timeouts: {implicit: 0, pageLoad: 300000, script: 30000}, unhandledPromptBehavior: dismiss and notify, webauthn:extension:credBlob: true, webauthn:extension:largeBlob: true, webauthn:virtualAuthenticators: true}\nElement: [[ChromeDriver: chrome on WINDOWS (3ba7604f49ff2e05870cc2f3dd4f130e)] -> xpath: //div[contains(@class, 'tab-cart')]]\nSession ID: 3ba7604f49ff2e05870cc2f3dd4f130e\r\n\tat java.base/jdk.internal.reflect.NativeConstructorAccessorImpl.newInstance0(Native Method)\r\n\tat java.base/jdk.internal.reflect.NativeConstructorAccessorImpl.newInstance(NativeConstructorAccessorImpl.java:64)\r\n\tat java.base/jdk.internal.reflect.DelegatingConstructorAccessorImpl.newInstance(DelegatingConstructorAccessorImpl.java:45)\r\n\tat java.base/java.lang.reflect.Constructor.newInstanceWithCaller(Constructor.java:500)\r\n\tat java.base/java.lang.reflect.Constructor.newInstance(Constructor.java:481)\r\n\tat org.openqa.selenium.remote.codec.w3c.W3CHttpResponseCodec.createException(W3CHttpResponseCodec.java:200)\r\n\tat org.openqa.selenium.remote.codec.w3c.W3CHttpResponseCodec.decode(W3CHttpResponseCodec.java:133)\r\n\tat org.openqa.selenium.remote.codec.w3c.W3CHttpResponseCodec.decode(W3CHttpResponseCodec.java:53)\r\n\tat org.openqa.selenium.remote.HttpCommandExecutor.execute(HttpCommandExecutor.java:184)\r\n\tat org.openqa.selenium.remote.service.DriverCommandExecutor.invokeExecute(DriverCommandExecutor.java:167)\r\n\tat org.openqa.selenium.remote.service.DriverCommandExecutor.execute(DriverCommandExecutor.java:142)\r\n\tat org.openqa.selenium.remote.RemoteWebDriver.execute(RemoteWebDriver.java:558)\r\n\tat org.openqa.selenium.remote.RemoteWebElement.execute(RemoteWebElement.java:251)\r\n\tat org.openqa.selenium.remote.RemoteWebElement.click(RemoteWebElement.java:77)\r\n\tat com.codeborne.selenide.commands.Click.defaultClick(Click.java:73)\r\n\tat com.codeborne.selenide.commands.Click.click(Click.java:52)\r\n\tat com.codeborne.selenide.commands.Click.execute(Click.java:29)\r\n\tat com.codeborne.selenide.commands.Click.execute(Click.java:19)\r\n\tat com.codeborne.selenide.commands.Commands.execute(Commands.java:154)\r\n\tat com.codeborne.selenide.impl.SelenideElementProxy.dispatchAndRetry(SelenideElementProxy.java:131)\r\n\tat com.codeborne.selenide.impl.SelenideElementProxy.invoke(SelenideElementProxy.java:83)\r\n\t... 28 more\r\n"},"stage":"finished","steps":[],"attachments":[],"parameters":[],"start":1648851762082,"stop":1648851777110,"uuid":"f0f65ae5-0694-4c16-9bbf-669f73bf82e8","historyId":"ff04320101fbfd804d74298ab5b1c450","fullName":"Tests.Tests.addTwoGoodsFromMostViewedGoodsToCart","labels":[{"name":"package","value":"Tests.Tests"},{"name":"testClass","value":"Tests.Tests"},{"name":"testMethod","value":"addTwoGoodsFromMostViewedGoodsToCart"},{"name":"parentSuite","value":"Default Suite"},{"name":"suite","value":"Final project"},{"name":"subSuite","value":"Tests.Tests"},{"name":"host","value":"MSI"},{"name":"thread","value":"10540@MSI.main(1)"},{"name":"framework","value":"testng"},{"name":"language","value":"java"}],"links":[]}